# JRE version: OpenJDK Runtime Environment (8.0_242-b01) (build 1.8.0_242-release-1644-b01)
# Java VM: OpenJDK 64-Bit Server VM (25.242-b01 mixed mode windows-amd64 compressed oops)
Heap:
 PSYoungGen      total 173056K, used 16585K [0x00000000d5580000, 0x00000000e2c80000, 0x0000000100000000)
  eden space 159744K, 10% used [0x00000000d5580000,0x00000000d65b2410,0x00000000df180000)
  from space 13312K, 0% used [0x00000000e1280000,0x00000000e1280000,0x00000000e1f80000)
  to   space 11776K, 0% used [0x00000000e2100000,0x00000000e2100000,0x00000000e2c80000)
 ParOldGen       total 75776K, used 15760K [0x0000000080000000, 0x0000000084a00000, 0x00000000d5580000)
  object space 75776K, 20% used [0x0000000080000000,0x0000000080f642e8,0x0000000084a00000)
 Metaspace       used 35059K, capacity 36222K, committed 36392K, reserved 1081344K
  class space    used 4829K, capacity 5096K, committed 5168K, reserved 1048576K
GC Heap History (10 events):
Event: 3.353 GC heap before
{Heap before GC invocations=5 (full 0):
 PSYoungGen      total 106496K, used 15724K [0x00000000d5580000, 0x00000000dc580000, 0x0000000100000000)
  eden space 98304K, 7% used [0x00000000d5580000,0x00000000d5cdb838,0x00000000db580000)
  from space 8192K, 99% used [0x00000000dbd80000,0x00000000dc57f8d8,0x00000000dc580000)
  to   space 8192K, 0% used [0x00000000db580000,0x00000000db580000,0x00000000dbd80000)
 ParOldGen       total 131072K, used 3133K [0x0000000080000000, 0x0000000088000000, 0x00000000d5580000)
  object space 131072K, 2% used [0x0000000080000000,0x000000008030f558,0x0000000088000000)
 Metaspace       used 20577K, capacity 21220K, committed 21296K, reserved 1067008K
  class space    used 2874K, capacity 3076K, committed 3120K, reserved 1048576K
Event: 3.358 GC heap after
Heap after GC invocations=5 (full 0):
 PSYoungGen      total 106496K, used 7153K [0x00000000d5580000, 0x00000000e2c80000, 0x0000000100000000)
  eden space 98304K, 0% used [0x00000000d5580000,0x00000000d5580000,0x00000000db580000)
  from space 8192K, 87% used [0x00000000db580000,0x00000000dbc7c460,0x00000000dbd80000)
  to   space 11776K, 0% used [0x00000000e2100000,0x00000000e2100000,0x00000000e2c80000)
 ParOldGen       total 131072K, used 3141K [0x0000000080000000, 0x0000000088000000, 0x00000000d5580000)
  object space 131072K, 2% used [0x0000000080000000,0x0000000080311558,0x0000000088000000)
 Metaspace       used 20577K, capacity 21220K, committed 21296K, reserved 1067008K
  class space    used 2874K, capacity 3076K, committed 3120K, reserved 1048576K
}
Event: 3.359 GC heap before
{Heap before GC invocations=6 (full 1):
 PSYoungGen      total 106496K, used 7153K [0x00000000d5580000, 0x00000000e2c80000, 0x0000000100000000)
  eden space 98304K, 0% used [0x00000000d5580000,0x00000000d5580000,0x00000000db580000)
  from space 8192K, 87% used [0x00000000db580000,0x00000000dbc7c460,0x00000000dbd80000)
  to   space 11776K, 0% used [0x00000000e2100000,0x00000000e2100000,0x00000000e2c80000)
 ParOldGen       total 131072K, used 3141K [0x0000000080000000, 0x0000000088000000, 0x00000000d5580000)
  object space 131072K, 2% used [0x0000000080000000,0x0000000080311558,0x0000000088000000)
 Metaspace       used 20577K, capacity 21220K, committed 21296K, reserved 1067008K
  class space    used 2874K, capacity 3076K, committed 3120K, reserved 1048576K
Event: 3.403 GC heap after
Heap after GC invocations=6 (full 1):
 PSYoungGen      total 106496K, used 0K [0x00000000d5580000, 0x00000000e2c80000, 0x0000000100000000)
  eden space 98304K, 0% used [0x00000000d5580000,0x00000000d5580000,0x00000000db580000)
  from space 8192K, 0% used [0x00000000db580000,0x00000000db580000,0x00000000dbd80000)
  to   space 11776K, 0% used [0x00000000e2100000,0x00000000e2100000,0x00000000e2c80000)
 ParOldGen       total 75776K, used 7418K [0x0000000080000000, 0x0000000084a00000, 0x00000000d5580000)
  object space 75776K, 9% used [0x0000000080000000,0x000000008073e9f8,0x0000000084a00000)
 Metaspace       used 20577K, capacity 21220K, committed 21296K, reserved 1067008K
  class space    used 2874K, capacity 3076K, committed 3120K, reserved 1048576K
}
Event: 5.088 GC heap before
{Heap before GC invocations=7 (full 1):
 PSYoungGen      total 106496K, used 98304K [0x00000000d5580000, 0x00000000e2c80000, 0x0000000100000000)
  eden space 98304K, 100% used [0x00000000d5580000,0x00000000db580000,0x00000000db580000)
  from space 8192K, 0% used [0x00000000db580000,0x00000000db580000,0x00000000dbd80000)
  to   space 11776K, 0% used [0x00000000e2100000,0x00000000e2100000,0x00000000e2c80000)
 ParOldGen       total 75776K, used 7418K [0x0000000080000000, 0x0000000084a00000, 0x00000000d5580000)
  object space 75776K, 9% used [0x0000000080000000,0x000000008073e9f8,0x0000000084a00000)
 Metaspace       used 31353K, capacity 32240K, committed 32432K, reserved 1077248K
  class space    used 4261K, capacity 4467K, committed 4528K, reserved 1048576K
Event: 5.102 GC heap after
Heap after GC invocations=7 (full 1):
 PSYoungGen      total 171520K, used 11626K [0x00000000d5580000, 0x00000000e2c80000, 0x0000000100000000)
  eden space 159744K, 0% used [0x00000000d5580000,0x00000000d5580000,0x00000000df180000)
  from space 11776K, 98% used [0x00000000e2100000,0x00000000e2c5aaa8,0x00000000e2c80000)
  to   space 13312K, 0% used [0x00000000e1280000,0x00000000e1280000,0x00000000e1f80000)
 ParOldGen       total 75776K, used 7426K [0x0000000080000000, 0x0000000084a00000, 0x00000000d5580000)
  object space 75776K, 9% used [0x0000000080000000,0x00000000807409f8,0x0000000084a00000)
 Metaspace       used 31353K, capacity 32240K, committed 32432K, reserved 1077248K
  class space    used 4261K, capacity 4467K, committed 4528K, reserved 1048576K
}
Event: 5.612 GC heap before
{Heap before GC invocations=8 (full 1):
 PSYoungGen      total 171520K, used 73802K [0x00000000d5580000, 0x00000000e2c80000, 0x0000000100000000)
  eden space 159744K, 38% used [0x00000000d5580000,0x00000000d9237ea0,0x00000000df180000)
  from space 11776K, 98% used [0x00000000e2100000,0x00000000e2c5aaa8,0x00000000e2c80000)
  to   space 13312K, 0% used [0x00000000e1280000,0x00000000e1280000,0x00000000e1f80000)
 ParOldGen       total 75776K, used 7426K [0x0000000080000000, 0x0000000084a00000, 0x00000000d5580000)
  object space 75776K, 9% used [0x0000000080000000,0x00000000807409f8,0x0000000084a00000)
 Metaspace       used 34291K, capacity 35410K, committed 35496K, reserved 1079296K
  class space    used 4721K, capacity 5002K, committed 5040K, reserved 1048576K
Event: 5.620 GC heap after
Heap after GC invocations=8 (full 1):
 PSYoungGen      total 173056K, used 9563K [0x00000000d5580000, 0x00000000e2c80000, 0x0000000100000000)
  eden space 159744K, 0% used [0x00000000d5580000,0x00000000d5580000,0x00000000df180000)
  from space 13312K, 71% used [0x00000000e1280000,0x00000000e1bd6dc0,0x00000000e1f80000)
  to   space 11776K, 0% used [0x00000000e2100000,0x00000000e2100000,0x00000000e2c80000)
 ParOldGen       total 75776K, used 7434K [0x0000000080000000, 0x0000000084a00000, 0x00000000d5580000)
  object space 75776K, 9% used [0x0000000080000000,0x00000000807429f8,0x0000000084a00000)
 Metaspace       used 34291K, capacity 35410K, committed 35496K, reserved 1079296K
  class space    used 4721K, capacity 5002K, committed 5040K, reserved 1048576K
}
Event: 5.620 GC heap before
{Heap before GC invocations=9 (full 2):
 PSYoungGen      total 173056K, used 9563K [0x00000000d5580000, 0x00000000e2c80000, 0x0000000100000000)
  eden space 159744K, 0% used [0x00000000d5580000,0x00000000d5580000,0x00000000df180000)
  from space 13312K, 71% used [0x00000000e1280000,0x00000000e1bd6dc0,0x00000000e1f80000)
  to   space 11776K, 0% used [0x00000000e2100000,0x00000000e2100000,0x00000000e2c80000)
 ParOldGen       total 75776K, used 7434K [0x0000000080000000, 0x0000000084a00000, 0x00000000d5580000)
  object space 75776K, 9% used [0x0000000080000000,0x00000000807429f8,0x0000000084a00000)
 Metaspace       used 34291K, capacity 35410K, committed 35496K, reserved 1079296K
  class space    used 4721K, capacity 5002K, committed 5040K, reserved 1048576K
Event: 5.740 GC heap after
Heap after GC invocations=9 (full 2):
 PSYoungGen      total 173056K, used 0K [0x00000000d5580000, 0x00000000e2c80000, 0x0000000100000000)
  eden space 159744K, 0% used [0x00000000d5580000,0x00000000d5580000,0x00000000df180000)
  from space 13312K, 0% used [0x00000000e1280000,0x00000000e1280000,0x00000000e1f80000)
  to   space 11776K, 0% used [0x00000000e2100000,0x00000000e2100000,0x00000000e2c80000)
 ParOldGen       total 75776K, used 15760K [0x0000000080000000, 0x0000000084a00000, 0x00000000d5580000)
  object space 75776K, 20% used [0x0000000080000000,0x0000000080f642e8,0x0000000084a00000)
 Metaspace       used 34291K, capacity 35410K, committed 35496K, reserved 1079296K
  class space    used 4721K, capacity 5002K, committed 5040K, reserved 1048576K
}

